<?xml version="1.0" encoding="UTF-8" ?>
<testsuite failures="0" time="5.064" errors="0" skipped="0" tests="2" name="org.biojava.bio.structure.align.FlipAFPChainTest">
  <properties>
    <property name="java.runtime.name" value="Java(TM) SE Runtime Environment"/>
    <property name="sun.boot.library.path" value="/usr/java/jdk1.7.0/jre/lib/amd64"/>
    <property name="java.vm.version" value="21.0-b17"/>
    <property name="java.vm.vendor" value="Oracle Corporation"/>
    <property name="java.vendor.url" value="http://java.oracle.com/"/>
    <property name="path.separator" value=":"/>
    <property name="java.vm.name" value="Java HotSpot(TM) 64-Bit Server VM"/>
    <property name="file.encoding.pkg" value="sun.io"/>
    <property name="user.country" value="US"/>
    <property name="sun.java.launcher" value="SUN_STANDARD"/>
    <property name="sun.os.patch.level" value="unknown"/>
    <property name="java.vm.specification.name" value="Java Virtual Machine Specification"/>
    <property name="user.dir" value="/home/andreas/biojava-3.0.2/biojava3-structure"/>
    <property name="java.runtime.version" value="1.7.0-b147"/>
    <property name="java.awt.graphicsenv" value="sun.awt.X11GraphicsEnvironment"/>
    <property name="basedir" value="/home/andreas/biojava-3.0.2/biojava3-structure"/>
    <property name="java.endorsed.dirs" value="/usr/java/jdk1.7.0/jre/lib/endorsed"/>
    <property name="os.arch" value="amd64"/>
    <property name="surefire.real.class.path" value="/tmp/surefirebooter811162993242782810.jar"/>
    <property name="biojava.cache.files" value="true"/>
    <property name="java.io.tmpdir" value="/tmp"/>
    <property name="line.separator" value="
"/>
    <property name="java.vm.specification.vendor" value="Oracle Corporation"/>
    <property name="os.name" value="Linux"/>
    <property name="loadChemCompInfo" value="false"/>
    <property name="sun.jnu.encoding" value="UTF-8"/>
    <property name="java.library.path" value="/usr/java/packages/lib/amd64:/usr/lib64:/lib64:/lib:/usr/lib"/>
    <property name="surefire.test.class.path" value="/home/andreas/biojava-3.0.2/biojava3-structure/target/test-classes:/home/andreas/biojava-3.0.2/biojava3-structure/target/classes:/home/andreas/.m2/repository/junit/junit/4.7/junit-4.7.jar:/home/andreas/biojava-3.0.2/biojava3-alignment/target/biojava3-alignment-3.0.2.jar:/home/andreas/biojava-3.0.2/biojava3-core/target/biojava3-core-3.0.2.jar:/home/andreas/biojava-3.0.2/biojava3-phylo/target/biojava3-phylo-3.0.2.jar:/home/andreas/.m2/repository/org/forester/0.955/forester-0.955.jar:"/>
    <property name="java.specification.name" value="Java Platform API Specification"/>
    <property name="java.class.version" value="51.0"/>
    <property name="sun.management.compiler" value="HotSpot 64-Bit Tiered Compilers"/>
    <property name="sun.net.client.defaultReadTimeout" value="5000"/>
    <property name="os.version" value="2.6.18-238.el5"/>
    <property name="user.home" value="/home/andreas"/>
    <property name="user.timezone" value="America/Los_Angeles"/>
    <property name="java.awt.printerjob" value="sun.print.PSPrinterJob"/>
    <property name="java.specification.version" value="1.7"/>
    <property name="file.encoding" value="UTF-8"/>
    <property name="user.name" value="andreas"/>
    <property name="java.class.path" value="/home/andreas/biojava-3.0.2/biojava3-structure/target/test-classes:/home/andreas/biojava-3.0.2/biojava3-structure/target/classes:/home/andreas/.m2/repository/junit/junit/4.7/junit-4.7.jar:/home/andreas/biojava-3.0.2/biojava3-alignment/target/biojava3-alignment-3.0.2.jar:/home/andreas/biojava-3.0.2/biojava3-core/target/biojava3-core-3.0.2.jar:/home/andreas/biojava-3.0.2/biojava3-phylo/target/biojava3-phylo-3.0.2.jar:/home/andreas/.m2/repository/org/forester/0.955/forester-0.955.jar:"/>
    <property name="PDB_DIR" value="/tmp/"/>
    <property name="java.vm.specification.version" value="1.7"/>
    <property name="sun.arch.data.model" value="64"/>
    <property name="java.home" value="/usr/java/jdk1.7.0/jre"/>
    <property name="sun.java.command" value="/tmp/surefirebooter811162993242782810.jar /tmp/surefire1723742910757607099tmp /tmp/surefire4850783068742757574tmp"/>
    <property name="sun.net.client.defaultConnectTimeout" value="5000"/>
    <property name="java.specification.vendor" value="Oracle Corporation"/>
    <property name="user.language" value="en"/>
    <property name="awt.toolkit" value="sun.awt.X11.XToolkit"/>
    <property name="java.vm.info" value="mixed mode"/>
    <property name="java.version" value="1.7.0"/>
    <property name="java.ext.dirs" value="/usr/java/jdk1.7.0/jre/lib/ext:/usr/java/packages/lib/ext"/>
    <property name="sun.boot.class.path" value="/usr/java/jdk1.7.0/jre/lib/resources.jar:/usr/java/jdk1.7.0/jre/lib/rt.jar:/usr/java/jdk1.7.0/jre/lib/sunrsasign.jar:/usr/java/jdk1.7.0/jre/lib/jsse.jar:/usr/java/jdk1.7.0/jre/lib/jce.jar:/usr/java/jdk1.7.0/jre/lib/charsets.jar:/usr/java/jdk1.7.0/jre/classes"/>
    <property name="java.vendor" value="Oracle Corporation"/>
    <property name="localRepository" value="/home/andreas/.m2/repository"/>
    <property name="file.separator" value="/"/>
    <property name="java.vendor.url.bug" value="http://bugreport.sun.com/bugreport/"/>
    <property name="sun.cpu.endian" value="little"/>
    <property name="sun.io.unicode.encoding" value="UnicodeLittle"/>
    <property name="sun.cpu.isalist" value=""/>
  </properties>
  <testcase time="4.789" classname="org.biojava.bio.structure.align.FlipAFPChainTest" name="testFlippingMultiBlock"/>
  <testcase time="0.274" classname="org.biojava.bio.structure.align.FlipAFPChainTest" name="testFlipping"/>
</testsuite>