<?xml version="1.0" encoding="UTF-8" ?>
<testsuite failures="0" time="0.079" errors="0" skipped="1" tests="54" name="org.biojava3.alignment.SimpleProfileTest">
  <properties>
    <property name="java.runtime.name" value="Java(TM) SE Runtime Environment"/>
    <property name="sun.boot.library.path" value="/usr/java/jdk1.7.0/jre/lib/amd64"/>
    <property name="java.vm.version" value="21.0-b17"/>
    <property name="java.vm.vendor" value="Oracle Corporation"/>
    <property name="java.vendor.url" value="http://java.oracle.com/"/>
    <property name="path.separator" value=":"/>
    <property name="java.vm.name" value="Java HotSpot(TM) 64-Bit Server VM"/>
    <property name="file.encoding.pkg" value="sun.io"/>
    <property name="user.country" value="US"/>
    <property name="sun.java.launcher" value="SUN_STANDARD"/>
    <property name="sun.os.patch.level" value="unknown"/>
    <property name="java.vm.specification.name" value="Java Virtual Machine Specification"/>
    <property name="user.dir" value="/home/andreas/biojava-3.0.2/biojava3-alignment"/>
    <property name="java.runtime.version" value="1.7.0-b147"/>
    <property name="java.awt.graphicsenv" value="sun.awt.X11GraphicsEnvironment"/>
    <property name="basedir" value="/home/andreas/biojava-3.0.2/biojava3-alignment"/>
    <property name="java.endorsed.dirs" value="/usr/java/jdk1.7.0/jre/lib/endorsed"/>
    <property name="os.arch" value="amd64"/>
    <property name="surefire.real.class.path" value="/tmp/surefirebooter2279644475378808541.jar"/>
    <property name="java.io.tmpdir" value="/tmp"/>
    <property name="line.separator" value="
"/>
    <property name="java.vm.specification.vendor" value="Oracle Corporation"/>
    <property name="os.name" value="Linux"/>
    <property name="sun.jnu.encoding" value="UTF-8"/>
    <property name="java.library.path" value="/usr/java/packages/lib/amd64:/usr/lib64:/lib64:/lib:/usr/lib"/>
    <property name="surefire.test.class.path" value="/home/andreas/biojava-3.0.2/biojava3-alignment/target/test-classes:/home/andreas/biojava-3.0.2/biojava3-alignment/target/classes:/home/andreas/.m2/repository/junit/junit/4.7/junit-4.7.jar:/home/andreas/biojava-3.0.2/biojava3-core/target/biojava3-core-3.0.2.jar:/home/andreas/biojava-3.0.2/biojava3-phylo/target/biojava3-phylo-3.0.2.jar:/home/andreas/.m2/repository/org/forester/0.955/forester-0.955.jar:"/>
    <property name="java.specification.name" value="Java Platform API Specification"/>
    <property name="java.class.version" value="51.0"/>
    <property name="sun.management.compiler" value="HotSpot 64-Bit Tiered Compilers"/>
    <property name="os.version" value="2.6.18-238.el5"/>
    <property name="user.home" value="/home/andreas"/>
    <property name="user.timezone" value=""/>
    <property name="java.awt.printerjob" value="sun.print.PSPrinterJob"/>
    <property name="file.encoding" value="UTF-8"/>
    <property name="java.specification.version" value="1.7"/>
    <property name="user.name" value="andreas"/>
    <property name="java.class.path" value="/home/andreas/biojava-3.0.2/biojava3-alignment/target/test-classes:/home/andreas/biojava-3.0.2/biojava3-alignment/target/classes:/home/andreas/.m2/repository/junit/junit/4.7/junit-4.7.jar:/home/andreas/biojava-3.0.2/biojava3-core/target/biojava3-core-3.0.2.jar:/home/andreas/biojava-3.0.2/biojava3-phylo/target/biojava3-phylo-3.0.2.jar:/home/andreas/.m2/repository/org/forester/0.955/forester-0.955.jar:"/>
    <property name="java.vm.specification.version" value="1.7"/>
    <property name="sun.arch.data.model" value="64"/>
    <property name="java.home" value="/usr/java/jdk1.7.0/jre"/>
    <property name="sun.java.command" value="/tmp/surefirebooter2279644475378808541.jar /tmp/surefire8197886619029129995tmp /tmp/surefire732704370146129507tmp"/>
    <property name="java.specification.vendor" value="Oracle Corporation"/>
    <property name="user.language" value="en"/>
    <property name="awt.toolkit" value="sun.awt.X11.XToolkit"/>
    <property name="java.vm.info" value="mixed mode"/>
    <property name="java.version" value="1.7.0"/>
    <property name="java.ext.dirs" value="/usr/java/jdk1.7.0/jre/lib/ext:/usr/java/packages/lib/ext"/>
    <property name="sun.boot.class.path" value="/usr/java/jdk1.7.0/jre/lib/resources.jar:/usr/java/jdk1.7.0/jre/lib/rt.jar:/usr/java/jdk1.7.0/jre/lib/sunrsasign.jar:/usr/java/jdk1.7.0/jre/lib/jsse.jar:/usr/java/jdk1.7.0/jre/lib/jce.jar:/usr/java/jdk1.7.0/jre/lib/charsets.jar:/usr/java/jdk1.7.0/jre/classes"/>
    <property name="java.vendor" value="Oracle Corporation"/>
    <property name="localRepository" value="/home/andreas/.m2/repository"/>
    <property name="file.separator" value="/"/>
    <property name="java.vendor.url.bug" value="http://bugreport.sun.com/bugreport/"/>
    <property name="sun.cpu.endian" value="little"/>
    <property name="sun.io.unicode.encoding" value="UnicodeLittle"/>
    <property name="sun.cpu.isalist" value=""/>
  </properties>
  <testcase time="0.002" classname="org.biojava3.alignment.SimpleProfileTest" name="testGetAlignedSequencesIntArray"/>
  <testcase time="0" classname="org.biojava3.alignment.SimpleProfileTest" name="testGetAlignedSequencesSArray"/>
  <testcase time="0" classname="org.biojava3.alignment.SimpleProfileTest" name="testGetCompoundAtIntInt"/>
  <testcase time="0.001" classname="org.biojava3.alignment.SimpleProfileTest" name="testGetCompoundAtIntIntOutOfBounds"/>
  <testcase time="0" classname="org.biojava3.alignment.SimpleProfileTest" name="testGetCompoundAtIntIntOutOfBounds2"/>
  <testcase time="0" classname="org.biojava3.alignment.SimpleProfileTest" name="testGetCompoundAtIntIntOutOfBounds3"/>
  <testcase time="0.001" classname="org.biojava3.alignment.SimpleProfileTest" name="testGetCompoundAtIntIntOutOfBounds4"/>
  <testcase time="0" classname="org.biojava3.alignment.SimpleProfileTest" name="testGetCompoundAtIntIntOutOfBounds5"/>
  <testcase time="0.001" classname="org.biojava3.alignment.SimpleProfileTest" name="testGetCompoundAtIntIntOutOfBounds6"/>
  <testcase time="0" classname="org.biojava3.alignment.SimpleProfileTest" name="testGetCompoundAtIntIntOutOfBounds7"/>
  <testcase time="0" classname="org.biojava3.alignment.SimpleProfileTest" name="testGetCompoundAtIntIntOutOfBounds8"/>
  <testcase time="0" classname="org.biojava3.alignment.SimpleProfileTest" name="testGetCompoundAtIntIntOutOfBounds9"/>
  <testcase time="0" classname="org.biojava3.alignment.SimpleProfileTest" name="testGetCompoundAtSInt"/>
  <testcase time="0.001" classname="org.biojava3.alignment.SimpleProfileTest" name="testGetCompoundAtSIntOutOfBounds"/>
  <testcase time="0" classname="org.biojava3.alignment.SimpleProfileTest" name="testGetCompoundAtSIntOutOfBounds2"/>
  <testcase time="0.001" classname="org.biojava3.alignment.SimpleProfileTest" name="testGetCompoundAtSIntOutOfBounds3"/>
  <testcase time="0" classname="org.biojava3.alignment.SimpleProfileTest" name="testGetCompoundAtSIntOutOfBounds4"/>
  <testcase time="0" classname="org.biojava3.alignment.SimpleProfileTest" name="testGetCompoundAtSIntOutOfBounds5"/>
  <testcase time="0" classname="org.biojava3.alignment.SimpleProfileTest" name="testGetCompoundSet"/>
  <testcase time="0" classname="org.biojava3.alignment.SimpleProfileTest" name="testGetCompoundsAt"/>
  <testcase time="0" classname="org.biojava3.alignment.SimpleProfileTest" name="testGetCompoundsAtOutOfBounds"/>
  <testcase time="0.001" classname="org.biojava3.alignment.SimpleProfileTest" name="testGetCompoundsAtOutOfBounds2"/>
  <testcase time="0" classname="org.biojava3.alignment.SimpleProfileTest" name="testGetCompoundsAtOutOfBounds3"/>
  <testcase time="0.001" classname="org.biojava3.alignment.SimpleProfileTest" name="testGetCompoundsAtOutOfBounds4"/>
  <testcase time="0" classname="org.biojava3.alignment.SimpleProfileTest" name="testGetCompoundsAtOutOfBounds5"/>
  <testcase time="0" classname="org.biojava3.alignment.SimpleProfileTest" name="testGetCompoundsAtOutOfBounds6"/>
  <testcase time="0.001" classname="org.biojava3.alignment.SimpleProfileTest" name="testGetIndexOf"/>
  <testcase time="0.001" classname="org.biojava3.alignment.SimpleProfileTest" name="testGetIndicesAt"/>
  <testcase time="0" classname="org.biojava3.alignment.SimpleProfileTest" name="testGetIndicesAtOutOfBounds"/>
  <testcase time="0.001" classname="org.biojava3.alignment.SimpleProfileTest" name="testGetIndicesAtOutOfBounds2"/>
  <testcase time="0" classname="org.biojava3.alignment.SimpleProfileTest" name="testGetIndicesAtOutOfBounds3"/>
  <testcase time="0" classname="org.biojava3.alignment.SimpleProfileTest" name="testGetIndicesAtOutOfBounds4"/>
  <testcase time="0" classname="org.biojava3.alignment.SimpleProfileTest" name="testGetIndicesAtOutOfBounds5"/>
  <testcase time="0" classname="org.biojava3.alignment.SimpleProfileTest" name="testGetIndicesAtOutOfBounds6"/>
  <testcase time="0.001" classname="org.biojava3.alignment.SimpleProfileTest" name="testGetLastIndexOf"/>
  <testcase time="0" classname="org.biojava3.alignment.SimpleProfileTest" name="testGetLength"/>
  <testcase time="0" classname="org.biojava3.alignment.SimpleProfileTest" name="testGetOriginalSequences"/>
  <testcase time="0.001" classname="org.biojava3.alignment.SimpleProfileTest" name="testGetSize"/>
  <testcase time="0.001" classname="org.biojava3.alignment.SimpleProfileTest" name="testGetSubProfile">
    <skipped/>
  </testcase>
  <testcase time="0" classname="org.biojava3.alignment.SimpleProfileTest" name="testIsCircular"/>
  <testcase time="0.006" classname="org.biojava3.alignment.SimpleProfileTest" name="testToStringInt"/>
  <testcase time="0.013" classname="org.biojava3.alignment.SimpleProfileTest" name="testToStringFormatted"/>
  <testcase time="0.001" classname="org.biojava3.alignment.SimpleProfileTest" name="testSimpleProfile"/>
  <testcase time="0" classname="org.biojava3.alignment.SimpleProfileTest" name="testGetAlignedSequenceInt"/>
  <testcase time="0" classname="org.biojava3.alignment.SimpleProfileTest" name="testGetAlignedSequenceIntOutOfBounds"/>
  <testcase time="0" classname="org.biojava3.alignment.SimpleProfileTest" name="testGetAlignedSequenceIntOutOfBounds2"/>
  <testcase time="0" classname="org.biojava3.alignment.SimpleProfileTest" name="testGetAlignedSequenceIntOutOfBounds3"/>
  <testcase time="0" classname="org.biojava3.alignment.SimpleProfileTest" name="testGetAlignedSequenceIntOutOfBounds4"/>
  <testcase time="0" classname="org.biojava3.alignment.SimpleProfileTest" name="testGetAlignedSequenceIntOutOfBounds5"/>
  <testcase time="0.001" classname="org.biojava3.alignment.SimpleProfileTest" name="testGetAlignedSequenceIntOutOfBounds6"/>
  <testcase time="0" classname="org.biojava3.alignment.SimpleProfileTest" name="testGetAlignedSequenceS"/>
  <testcase time="0" classname="org.biojava3.alignment.SimpleProfileTest" name="testGetAlignedSequences"/>
  <testcase time="0.001" classname="org.biojava3.alignment.SimpleProfileTest" name="testIterator"/>
  <testcase time="0.001" classname="org.biojava3.alignment.SimpleProfileTest" name="testToString"/>
</testsuite>